2016.03.30 20:20 B C:\AppServ\www\M-B-U\system\_notes\ch_syspass.php.mno --> case.acsite.org /public_html/M-B-U/system/_notes ch_syspass.php.mno
2016.03.30 20:20 B C:\AppServ\www\M-B-U\system\_notes\s_account.php.mno --> case.acsite.org /public_html/M-B-U/system/_notes s_account.php.mno
2016.03.30 20:20 B C:\AppServ\www\M-B-U\system\_notes\s_account2.php.mno --> case.acsite.org /public_html/M-B-U/system/_notes s_account2.php.mno
2016.03.30 20:20 B C:\AppServ\www\M-B-U\system\_notes\s_account_del.php.mno --> case.acsite.org /public_html/M-B-U/system/_notes s_account_del.php.mno
2016.03.30 20:20 B C:\AppServ\www\M-B-U\system\_notes\s_account_old.php.mno --> case.acsite.org /public_html/M-B-U/system/_notes s_account_old.php.mno
2016.03.30 20:20 B C:\AppServ\www\M-B-U\system\_notes\s_edit_account.php.mno --> case.acsite.org /public_html/M-B-U/system/_notes s_edit_account.php.mno
2016.03.30 20:20 B C:\AppServ\www\M-B-U\system\_notes\s_edit_upstore.php.mno --> case.acsite.org /public_html/M-B-U/system/_notes s_edit_upstore.php.mno
2016.03.30 20:20 B C:\AppServ\www\M-B-U\system\_notes\s_edit_upstore_back.php.mno --> case.acsite.org /public_html/M-B-U/system/_notes s_edit_upstore_back.php.mno
2016.03.30 20:20 B C:\AppServ\www\M-B-U\system\_notes\s_orderview.php.mno --> case.acsite.org /public_html/M-B-U/system/_notes s_orderview.php.mno
2016.03.30 20:20 B C:\AppServ\www\M-B-U\system\_notes\s_orderview2.php.mno --> case.acsite.org /public_html/M-B-U/system/_notes s_orderview2.php.mno
2016.03.30 20:20 B C:\AppServ\www\M-B-U\system\_notes\s_system.php.mno --> case.acsite.org /public_html/M-B-U/system/_notes s_system.php.mno
2016.03.30 20:20 B C:\AppServ\www\M-B-U\system\_notes\s_talk.php.mno --> case.acsite.org /public_html/M-B-U/system/_notes s_talk.php.mno
2016.03.30 20:20 B C:\AppServ\www\M-B-U\system\_notes\s_talk2.php.mno --> case.acsite.org /public_html/M-B-U/system/_notes s_talk2.php.mno
2016.03.30 20:20 B C:\AppServ\www\M-B-U\system\_notes\s_talk2_old.php.mno --> case.acsite.org /public_html/M-B-U/system/_notes s_talk2_old.php.mno
2016.03.30 20:20 B C:\AppServ\www\M-B-U\system\_notes\s_talk_old.php.mno --> case.acsite.org /public_html/M-B-U/system/_notes s_talk_old.php.mno
2016.03.30 20:20 B C:\AppServ\www\M-B-U\system\_notes\s_talkdel.php.mno --> case.acsite.org /public_html/M-B-U/system/_notes s_talkdel.php.mno
2016.03.30 20:20 B C:\AppServ\www\M-B-U\system\_notes\s_upstore.php.mno --> case.acsite.org /public_html/M-B-U/system/_notes s_upstore.php.mno
2016.03.30 20:20 B C:\AppServ\www\M-B-U\system\_notes\s_upstore_del.php.mno --> case.acsite.org /public_html/M-B-U/system/_notes s_upstore_del.php.mno
2016.03.30 20:20 B C:\AppServ\www\M-B-U\system\_notes\s_upstore_del2.php.mno --> case.acsite.org /public_html/M-B-U/system/_notes s_upstore_del2.php.mno
2016.03.30 20:20 B C:\AppServ\www\M-B-U\system\_notes\s_upstore_deld.php.mno --> case.acsite.org /public_html/M-B-U/system/_notes s_upstore_deld.php.mno
2016.03.30 20:21 B C:\AppServ\www\M-B-U\system\_notes\s_upstore_ps.php.mno --> case.acsite.org /public_html/M-B-U/system/_notes s_upstore_ps.php.mno
2016.03.30 20:21 B C:\AppServ\www\M-B-U\system\_notes\s_upstore_ps_del.php.mno --> case.acsite.org /public_html/M-B-U/system/_notes s_upstore_ps_del.php.mno
2016.03.30 20:21 B C:\AppServ\www\M-B-U\system\_notes\sys_news.php.mno --> case.acsite.org /public_html/M-B-U/system/_notes sys_news.php.mno
2016.03.30 20:21 B C:\AppServ\www\M-B-U\system\_notes\sys_news4.php.mno --> case.acsite.org /public_html/M-B-U/system/_notes sys_news4.php.mno
2016.03.30 20:21 B C:\AppServ\www\M-B-U\system\_notes\sys_news_edit.php.mno --> case.acsite.org /public_html/M-B-U/system/_notes sys_news_edit.php.mno
2016.03.30 20:21 B C:\AppServ\www\M-B-U\system\_notes\sys_news_edit4.php.mno --> case.acsite.org /public_html/M-B-U/system/_notes sys_news_edit4.php.mno
2016.03.30 20:21 B C:\AppServ\www\M-B-U\system\_notes\sys_sale_log2.php.mno --> case.acsite.org /public_html/M-B-U/system/_notes sys_sale_log2.php.mno
2016.03.30 20:23 B C:\AppServ\www\M-B-U\system\_notes\WS_FTP.LOG --> case.acsite.org /public_html/M-B-U/system/_notes WS_FTP.LOG
2016.04.15 21:41 B C:\AppServ\www\M-B-U\system\_notes\WS_FTP.LOG --> case.acsite.org /public_html/M-B-U/system/_notes WS_FTP.LOG
