2016.03.30 20:22 B C:\AppServ\www\M-B-U\system\ch_syspass.php --> case.acsite.org /public_html/M-B-U/system ch_syspass.php
2016.03.30 20:22 B C:\AppServ\www\M-B-U\system\ch_syspass2.php --> case.acsite.org /public_html/M-B-U/system ch_syspass2.php
2016.03.30 20:23 B C:\AppServ\www\M-B-U\system\del_retalk.php --> case.acsite.org /public_html/M-B-U/system del_retalk.php
2016.03.30 20:23 B C:\AppServ\www\M-B-U\system\error_log --> case.acsite.org /public_html/M-B-U/system error_log
2016.03.30 20:23 B C:\AppServ\www\M-B-U\system\photo.php --> case.acsite.org /public_html/M-B-U/system photo.php
2016.03.30 20:23 B C:\AppServ\www\M-B-U\system\r_system.php --> case.acsite.org /public_html/M-B-U/system r_system.php
2016.03.30 20:23 B C:\AppServ\www\M-B-U\system\s_account.php --> case.acsite.org /public_html/M-B-U/system s_account.php
2016.03.30 20:23 B C:\AppServ\www\M-B-U\system\s_account.php2 --> case.acsite.org /public_html/M-B-U/system s_account.php2
2016.03.30 20:23 B C:\AppServ\www\M-B-U\system\s_account2.php --> case.acsite.org /public_html/M-B-U/system s_account2.php
2016.03.30 20:23 B C:\AppServ\www\M-B-U\system\s_account_del.php --> case.acsite.org /public_html/M-B-U/system s_account_del.php
2016.03.30 20:23 B C:\AppServ\www\M-B-U\system\s_account_del2.php --> case.acsite.org /public_html/M-B-U/system s_account_del2.php
2016.03.30 20:23 B C:\AppServ\www\M-B-U\system\s_edit_account.php --> case.acsite.org /public_html/M-B-U/system s_edit_account.php
2016.03.30 20:23 B C:\AppServ\www\M-B-U\system\s_edit_upstore.php --> case.acsite.org /public_html/M-B-U/system s_edit_upstore.php
2016.03.30 20:23 B C:\AppServ\www\M-B-U\system\s_include.php --> case.acsite.org /public_html/M-B-U/system s_include.php
2016.03.30 20:23 B C:\AppServ\www\M-B-U\system\s_orderview.php --> case.acsite.org /public_html/M-B-U/system s_orderview.php
2016.03.30 20:23 B C:\AppServ\www\M-B-U\system\s_orderview2.php --> case.acsite.org /public_html/M-B-U/system s_orderview2.php
2016.03.30 20:23 B C:\AppServ\www\M-B-U\system\s_orderview3.php --> case.acsite.org /public_html/M-B-U/system s_orderview3.php
2016.03.30 20:23 B C:\AppServ\www\M-B-U\system\s_system.php --> case.acsite.org /public_html/M-B-U/system s_system.php
2016.03.30 20:23 B C:\AppServ\www\M-B-U\system\s_upstore.php --> case.acsite.org /public_html/M-B-U/system s_upstore.php
2016.03.30 20:23 B C:\AppServ\www\M-B-U\system\s_upstore2.php --> case.acsite.org /public_html/M-B-U/system s_upstore2.php
2016.03.30 20:23 B C:\AppServ\www\M-B-U\system\s_upstore3.php --> case.acsite.org /public_html/M-B-U/system s_upstore3.php
2016.03.30 20:23 B C:\AppServ\www\M-B-U\system\s_upstore_del.php --> case.acsite.org /public_html/M-B-U/system s_upstore_del.php
2016.03.30 20:23 B C:\AppServ\www\M-B-U\system\s_upstore_del2.php --> case.acsite.org /public_html/M-B-U/system s_upstore_del2.php
2016.03.30 20:23 B C:\AppServ\www\M-B-U\system\s_upstore_deld.php --> case.acsite.org /public_html/M-B-U/system s_upstore_deld.php
2016.03.30 20:23 B C:\AppServ\www\M-B-U\system\s_upstore_ps.php --> case.acsite.org /public_html/M-B-U/system s_upstore_ps.php
2016.03.30 20:23 B C:\AppServ\www\M-B-U\system\s_upstore_ps_del.php --> case.acsite.org /public_html/M-B-U/system s_upstore_ps_del.php
2016.03.30 20:23 B C:\AppServ\www\M-B-U\system\sys_login.php --> case.acsite.org /public_html/M-B-U/system sys_login.php
2016.03.30 20:23 B C:\AppServ\www\M-B-U\system\sys_news.php --> case.acsite.org /public_html/M-B-U/system sys_news.php
2016.03.30 20:23 B C:\AppServ\www\M-B-U\system\sys_news_del.php --> case.acsite.org /public_html/M-B-U/system sys_news_del.php
2016.03.30 20:23 B C:\AppServ\www\M-B-U\system\sys_news_edit.php --> case.acsite.org /public_html/M-B-U/system sys_news_edit.php
2016.03.30 20:23 B C:\AppServ\www\M-B-U\system\sys_sale_log2.php --> case.acsite.org /public_html/M-B-U/system sys_sale_log2.php
2016.03.30 20:23 B C:\AppServ\www\M-B-U\system\system.php --> case.acsite.org /public_html/M-B-U/system system.php
2016.03.30 20:23 B C:\AppServ\www\M-B-U\system\system_top.php --> case.acsite.org /public_html/M-B-U/system system_top.php
2016.03.30 20:23 B C:\AppServ\www\M-B-U\system\view_sale.php --> case.acsite.org /public_html/M-B-U/system view_sale.php
2016.03.30 20:24 B C:\AppServ\www\M-B-U\system\WS_FTP.LOG --> case.acsite.org /public_html/M-B-U/system WS_FTP.LOG
2016.03.31 23:58 B C:\AppServ\www\M-B-U\system\r_system.php --> case.acsite.org /public_html/M-B-U/system r_system.php
2016.03.31 23:58 B C:\AppServ\www\M-B-U\system\s_upstore_del.php --> case.acsite.org /public_html/M-B-U/system s_upstore_del.php
2016.03.31 23:58 B C:\AppServ\www\M-B-U\system\s_orderview2.php --> case.acsite.org /public_html/M-B-U/system s_orderview2.php
2016.04.15 21:41 B C:\AppServ\www\M-B-U\system\error_log --> case.acsite.org /public_html/M-B-U/system error_log
2016.04.15 21:41 B C:\AppServ\www\M-B-U\system\r_system.php --> case.acsite.org /public_html/M-B-U/system r_system.php
2016.04.15 21:41 B C:\AppServ\www\M-B-U\system\WS_FTP.LOG --> case.acsite.org /public_html/M-B-U/system WS_FTP.LOG
